<?xml version="1.0" encoding="UTF-8"?>
<!-- Generated by org.testng.reporters.JUnitReportReporter -->
<testsuite hostname="DESKTOP-ILIR5MF" name="Programs.ListDemo2" tests="6" failures="0" timestamp="19 Jan 2023 08:47:22 GMT" time="0.059" errors="0">
  <testcase name="ArraytoList" time="0.000" classname="Programs.ListDemo2"/>
  <testcase name="ArrayListtoLL" time="0.008" classname="Programs.ListDemo2"/>
  <testcase name="arrayToSet" time="0.051" classname="Programs.ListDemo2"/>
  <testcase name="listtoArray" time="0.000" classname="Programs.ListDemo2"/>
  <testcase name="ListtoSet" time="0.000" classname="Programs.ListDemo2"/>
  <testcase name="settoList" time="0.000" classname="Programs.ListDemo2"/>
</testsuite> <!-- Programs.ListDemo2 -->
