<?xml version="1.0" encoding="UTF-8"?>
<!-- Generated by org.testng.reporters.JUnitReportReporter -->
<testsuite hostname="DESKTOP-ILIR5MF" name="Programs.ListtoArrayDemo" tests="2" failures="0" timestamp="19 Jan 2023 16:48:34 GMT" time="0.008" errors="0">
  <testcase name="stringArrayListtoStringArray" time="0.000" classname="Programs.ListtoArrayDemo"/>
  <testcase name="listtoArray" time="0.008" classname="Programs.ListtoArrayDemo"/>
</testsuite> <!-- Programs.ListtoArrayDemo -->
